<?xml version="1.0" encoding="UTF-8"?>
<testng-results skipped="0" failed="0" total="3" passed="3">
  <reporter-output>
  </reporter-output>
  <suite name="test.java.RoseTestCase" duration-ms="14348" started-at="2014-12-23T19:53:23Z" finished-at="2014-12-23T19:53:37Z">
    <groups>
      <group name="openurl">
        <method signature="RoseTestCase.validateURL()[pri:0, instance:test.java.RoseTestCase@d3bd8b]" name="validateURL" class="test.java.RoseTestCase"/>
      </group> <!-- openurl -->
      <group name="mem">
        <method signature="RoseTestCase.memWord()[pri:0, instance:test.java.RoseTestCase@d3bd8b]" name="memWord" class="test.java.RoseTestCase"/>
      </group> <!-- mem -->
      <group name="login">
        <method signature="RoseTestCase.validateURL()[pri:0, instance:test.java.RoseTestCase@d3bd8b]" name="validateURL" class="test.java.RoseTestCase"/>
        <method signature="RoseTestCase.loginToRose()[pri:0, instance:test.java.RoseTestCase@d3bd8b]" name="loginToRose" class="test.java.RoseTestCase"/>
      </group> <!-- login -->
    </groups>
    <test name="Command line test" duration-ms="14348" started-at="2014-12-23T19:53:23Z" finished-at="2014-12-23T19:53:37Z">
      <class name="test.java.RoseTestCase">
        <test-method status="PASS" signature="beforeSuite()[pri:0, instance:test.java.RoseTestCase@d3bd8b]" name="beforeSuite" is-config="true" duration-ms="4866" started-at="2014-12-23T11:53:18Z" finished-at="2014-12-23T11:53:23Z">
          <reporter-output>
          </reporter-output>
        </test-method> <!-- beforeSuite -->
        <test-method status="PASS" signature="validateURL()[pri:0, instance:test.java.RoseTestCase@d3bd8b]" name="validateURL" duration-ms="3946" started-at="2014-12-23T11:53:23Z" finished-at="2014-12-23T11:53:27Z">
          <reporter-output>
          </reporter-output>
        </test-method> <!-- validateURL -->
        <test-method status="PASS" signature="loginToRose()[pri:0, instance:test.java.RoseTestCase@d3bd8b]" name="loginToRose" duration-ms="3116" depends-on-groups="openurl" started-at="2014-12-23T11:53:27Z" finished-at="2014-12-23T11:53:30Z">
          <reporter-output>
          </reporter-output>
        </test-method> <!-- loginToRose -->
        <test-method status="PASS" signature="memWord()[pri:0, instance:test.java.RoseTestCase@d3bd8b]" name="memWord" duration-ms="7279" depends-on-groups="openurl, login" started-at="2014-12-23T11:53:30Z" finished-at="2014-12-23T11:53:37Z">
          <reporter-output>
          </reporter-output>
        </test-method> <!-- memWord -->
      </class> <!-- test.java.RoseTestCase -->
    </test> <!-- Command line test -->
  </suite> <!-- test.java.RoseTestCase -->
</testng-results>
