<?xml version="1.0" encoding="UTF-8"?>
<!-- Generated by org.testng.reporters.JUnitXMLReporter -->
<testsuite hostname="VenWin7" name="Test" tests="3" failures="1" timestamp="24 Dec 2014 03:07:30 GMT" time="5.824" errors="0">
  <testcase name="validateURL" time="3.895" classname="test.java.RoseTestCase"/>
  <testcase name="loginToRose" time="1.919" classname="test.java.RoseTestCase">
    <failure type="java.lang.AssertionError" message="expected [Memorable Word Page | Interflora ROSE Gold] but found [Login | Interflora ROSE Gold]">
      <![CDATA[java.lang.AssertionError: expected [Memorable Word Page | Interflora ROSE Gold] but found [Login | Interflora ROSE Gold]
	at test.java.RoseTestCase.loginToRose(RoseTestCase.java:63)
... Removed 29 stack frames]]>
    </failure>
  </testcase> <!-- loginToRose -->
  <testcase name="memWord" time="0.0" classname="test.java.RoseTestCase">
    <skipped/>
  </testcase> <!-- memWord -->
</testsuite> <!-- Test -->
