<?xml version="1.0" encoding="UTF-8"?>
<!-- Generated by org.testng.reporters.JUnitXMLReporter -->
<testsuite hostname="VenWin7" name="Command line test" tests="3" failures="0" timestamp="23 Dec 2014 19:53:37 GMT" time="14.348" errors="0">
  <testcase name="validateURL" time="3.946" classname="test.java.RoseTestCase"/>
  <testcase name="loginToRose" time="3.116" classname="test.java.RoseTestCase"/>
  <testcase name="memWord" time="7.279" classname="test.java.RoseTestCase"/>
</testsuite> <!-- Command line test -->
