<?xml version="1.0" encoding="UTF-8"?>
<testng-results skipped="0" failed="0" total="1" passed="1">
  <reporter-output>
  </reporter-output>
  <suite name="Default suite" duration-ms="6395" started-at="2014-12-24T04:41:07Z" finished-at="2014-12-24T04:41:13Z">
    <groups>
    </groups>
    <test name="Default test" duration-ms="6395" started-at="2014-12-24T04:41:07Z" finished-at="2014-12-24T04:41:13Z">
      <class name="test.java.NewTest">
        <test-method status="PASS" signature="f()[pri:0, instance:test.java.NewTest@a6d14e]" name="f" duration-ms="6383" started-at="2014-12-23T20:41:07Z" finished-at="2014-12-23T20:41:13Z">
          <reporter-output>
          </reporter-output>
        </test-method> <!-- f -->
      </class> <!-- test.java.NewTest -->
    </test> <!-- Default test -->
  </suite> <!-- Default suite -->
</testng-results>
